RECORD=-42|LINENO=   0|OWNERPARTID= -42|OWNERINDEX= -42|HEADER=Protel for Windows - Schematic Capture Ascii File Version 5.0|WEIGHT=18|
RECORD=31|LINENO=   1|OWNERPARTID= -42|OWNERINDEX= -42|AREACOLOR=16317695|BORDERON=T|CUSTOMMARGINWIDTH=20|CUSTOMX=165|CUSTOMXZONES=6|CUSTOMY=110|CUSTOMYZONES=4|DISPLAY_UNIT=4|FONTIDCOUNT=2|FONTNAME1=Verdana|FONTNAME2=Verdana|HOTSPOTGRIDON=T|HOTSPOTGRIDSIZE=4|ISBOC=T|SHEETNUMBERSPACESIZE=4|SHEETSTYLE=17|SIZE1=9|SIZE2=9|SNAPGRIDON=T|SNAPGRIDSIZE=10|SYSTEMFONT=1|USECUSTOMSHEET=T|USEMBCS=T|VISIBLEGRIDON=T|VISIBLEGRIDSIZE=10|
RECORD= 1|LINENO=   2|OWNERPARTID= -42|OWNERINDEX= -42|CURRENTPARTID=1|DISPLAYMODE=SW-SMD_EVQPUD02K|ISMIRRORED=F|LIBREFERENCE=EVQPUC02K|LOCATION.X=60|LOCATION.Y=50|LOCATION.Y_FRAC=50000|ORIENTATION=0|PARTIDLOCKED=F|SHOWHIDDENPINS=F|TARGETFILENAME=*|UNIQUEID=|
RECORD=34|LINENO=   3|OWNERPARTID=   0|OWNERINDEX=   2|FONTID=1|ISHIDDEN=F|JUSTIFICATION=0|LOCATION.X=80|LOCATION.Y=61|NAME=Designator|ORIENTATION=0|SHOWNAME=F|TEXT=SW?|
RECORD=41|LINENO=   4|OWNERPARTID=   0|OWNERINDEX=   2|FONTID=1|ISHIDDEN=F|JUSTIFICATION=3|LOCATION.X=60|LOCATION.Y=61|NAME=Comment|ORIENTATION=0|SHOWNAME=F|TEXT=|
RECORD= 8|LINENO=   5|OWNERPARTID=   2|OWNERINDEX=   2|LINEWIDTH=1|LOCATION.X=60|LOCATION.Y=47|LOCATION.Y_FRAC=50000|OWNERPARTDISPLAYMODE=0|RADIUS=1|SECONDARYRADIUS=1|TRANSPARENT=F|
RECORD= 8|LINENO=   6|OWNERPARTID=   2|OWNERINDEX=   2|LINEWIDTH=1|LOCATION.X=60|LOCATION.Y=53|LOCATION.Y_FRAC=50000|OWNERPARTDISPLAYMODE=0|RADIUS=1|SECONDARYRADIUS=1|TRANSPARENT=F|
RECORD= 2|LINENO=   7|OWNERPARTID=   2|OWNERINDEX=   2|DESIGNATOR=1|ELECTRICAL=4|FONTID=2|LOCATION.X=70|LOCATION.Y=60|LOCATION.Y_FRAC=50000|NAME=1|OWNERPARTDISPLAYMODE=0|PINCONGLOMERATE=48|PINLENGTH=10|SYMBOL_INNER=0|SYMBOL_INNEREDGE=0|SYMBOL_OUTER=0|SYMBOL_OUTEREDGE=0|
RECORD= 2|LINENO=   8|OWNERPARTID=   2|OWNERINDEX=   2|DESIGNATOR=3|ELECTRICAL=4|FONTID=2|LOCATION.X=50|LOCATION.X_FRAC=00000|LOCATION.Y=60|LOCATION.Y_FRAC=50000|NAME=3|OWNERPARTDISPLAYMODE=0|PINCONGLOMERATE=50|PINLENGTH=10|SYMBOL_INNER=0|SYMBOL_INNEREDGE=0|SYMBOL_OUTER=0|SYMBOL_OUTEREDGE=0|
RECORD= 2|LINENO=   9|OWNERPARTID=   2|OWNERINDEX=   2|DESIGNATOR=2|ELECTRICAL=4|FONTID=2|LOCATION.X=70|LOCATION.Y=40|LOCATION.Y_FRAC=50000|NAME=2|OWNERPARTDISPLAYMODE=0|PINCONGLOMERATE=48|PINLENGTH=10|SYMBOL_INNER=0|SYMBOL_INNEREDGE=0|SYMBOL_OUTER=0|SYMBOL_OUTEREDGE=0|
RECORD= 2|LINENO=  10|OWNERPARTID=   2|OWNERINDEX=   2|DESIGNATOR=4|ELECTRICAL=4|FONTID=2|LOCATION.X=50|LOCATION.X_FRAC=00000|LOCATION.Y=40|LOCATION.Y_FRAC=50000|NAME=4|OWNERPARTDISPLAYMODE=0|PINCONGLOMERATE=50|PINLENGTH=10|SYMBOL_INNER=0|SYMBOL_INNEREDGE=0|SYMBOL_OUTER=0|SYMBOL_OUTEREDGE=0|
RECORD= 6|LINENO=  11|OWNERPARTID=   2|OWNERINDEX=   2|ENDLINESHAPE=0|LINESTYLE=0|LINEWIDTH=1|LOCATIONCOUNT=2|OWNERPARTDISPLAYMODE=0|STARTLINESHAPE=0|X1=55|X2=59|Y1=46|Y1_FRAC=50000|Y2=53|Y2_FRAC=50000|
RECORD= 6|LINENO=  12|OWNERPARTID=   2|OWNERINDEX=   2|ENDLINESHAPE=0|LINESTYLE=0|LINEWIDTH=1|LOCATIONCOUNT=2|OWNERPARTDISPLAYMODE=0|STARTLINESHAPE=0|X1=60|X2=60|Y1=44|Y1_FRAC=50000|Y2=47|Y2_FRAC=50000|
RECORD= 6|LINENO=  13|OWNERPARTID=   2|OWNERINDEX=   2|ENDLINESHAPE=0|LINESTYLE=0|LINEWIDTH=1|LOCATIONCOUNT=2|OWNERPARTDISPLAYMODE=0|STARTLINESHAPE=0|X1=60|X2=60|Y1=60|Y1_FRAC=50000|Y2=53|Y2_FRAC=50000|
RECORD= 6|LINENO=  14|OWNERPARTID=   2|OWNERINDEX=   2|ENDLINESHAPE=0|LINESTYLE=0|LINEWIDTH=1|LOCATIONCOUNT=2|OWNERPARTDISPLAYMODE=0|STARTLINESHAPE=0|X1=60|X2=60|Y1=40|Y1_FRAC=50000|Y2=44|Y2_FRAC=50000|
RECORD= 6|LINENO=  15|OWNERPARTID=   2|OWNERINDEX=   2|ENDLINESHAPE=0|LINESTYLE=0|LINEWIDTH=1|LOCATIONCOUNT=2|OWNERPARTDISPLAYMODE=0|STARTLINESHAPE=0|X1=50|X2=70|Y1=60|Y1_FRAC=50000|Y2=60|Y2_FRAC=50000|
RECORD= 6|LINENO=  16|OWNERPARTID=   2|OWNERINDEX=   2|ENDLINESHAPE=0|LINESTYLE=0|LINEWIDTH=1|LOCATIONCOUNT=2|OWNERPARTDISPLAYMODE=0|STARTLINESHAPE=0|X1=50|X2=70|Y1=40|Y1_FRAC=50000|Y2=40|Y2_FRAC=50000|
RECORD=44|LINENO=  17|OWNERPARTID= -42|OWNERINDEX=   2|
RECORD=45|LINENO=  18|OWNERPARTID= -42|OWNERINDEX=  17|DESCRIPTION=|MODELNAME=SW-SMD_EVQPUD02K|MODELTYPE=PCBLIB|
RECORD=-42|LINENO=  19|OWNERPARTID= -42|OWNERINDEX= -42|HEADER=Icon storage|
RECORD=-42|LINENO=  20|OWNERPARTID= -42|OWNERINDEX= -42|HEADER=Protel for Windows - Schematic Capture Ascii File Version 5.0|
